Using pre-set license
Built from '2022.3/staging' branch; Version is '2022.3.10f1 (ff3792e53c62) revision 16725906'; Using compiler version '192829333'; Build Type 'Release'
OS: 'Windows 11  (10.0.22621) 64bit Core' Language: 'ru' Physical Memory: 8157 MB
BatchMode: 1, IsHumanControllingUs: 0, StartBugReporterOnCrash: 0, Is64bit: 1, IsPro: 1

COMMAND LINE ARGUMENTS:
D:\Unity\2022.3.10f1\Editor\Unity.exe
-adb2
-batchMode
-noUpm
-name
AssetImportWorker0
-projectPath
D:/Games/My/Tower Defense
-logFile
Logs/AssetImportWorker0.log
-srvPort
55829
Successfully changed project path to: D:/Games/My/Tower Defense
D:/Games/My/Tower Defense
[UnityMemory] Configuration Parameters - Can be set up in boot.config
    "memorysetup-bucket-allocator-granularity=16"
    "memorysetup-bucket-allocator-bucket-count=8"
    "memorysetup-bucket-allocator-block-size=33554432"
    "memorysetup-bucket-allocator-block-count=8"
    "memorysetup-main-allocator-block-size=16777216"
    "memorysetup-thread-allocator-block-size=16777216"
    "memorysetup-gfx-main-allocator-block-size=16777216"
    "memorysetup-gfx-thread-allocator-block-size=16777216"
    "memorysetup-cache-allocator-block-size=4194304"
    "memorysetup-typetree-allocator-block-size=2097152"
    "memorysetup-profiler-bucket-allocator-granularity=16"
    "memorysetup-profiler-bucket-allocator-bucket-count=8"
    "memorysetup-profiler-bucket-allocator-block-size=33554432"
    "memorysetup-profiler-bucket-allocator-block-count=8"
    "memorysetup-profiler-allocator-block-size=16777216"
    "memorysetup-profiler-editor-allocator-block-size=1048576"
    "memorysetup-temp-allocator-size-main=16777216"
    "memorysetup-job-temp-allocator-block-size=2097152"
    "memorysetup-job-temp-allocator-block-size-background=1048576"
    "memorysetup-job-temp-allocator-reduction-small-platforms=262144"
    "memorysetup-allocator-temp-initial-block-size-main=262144"
    "memorysetup-allocator-temp-initial-block-size-worker=262144"
    "memorysetup-temp-allocator-size-background-worker=32768"
    "memorysetup-temp-allocator-size-job-worker=262144"
    "memorysetup-temp-allocator-size-preload-manager=33554432"
    "memorysetup-temp-allocator-size-nav-mesh-worker=65536"
    "memorysetup-temp-allocator-size-audio-worker=65536"
    "memorysetup-temp-allocator-size-cloud-worker=32768"
    "memorysetup-temp-allocator-size-gi-baking-worker=262144"
    "memorysetup-temp-allocator-size-gfx=262144"
Player connection [4880] Host "[IP] 192.168.0.103 [Port] 0 [Flags] 2 [Guid] 3866650814 [EditorId] 3866650814 [Version] 1048832 [Id] WindowsEditor(7,sad) [Debug] 1 [PackageName] WindowsEditor [ProjectName] Editor" joined multi-casting on [225.0.0.222:54997]...

Player connection [4880] Host "[IP] 192.168.0.103 [Port] 0 [Flags] 2 [Guid] 3866650814 [EditorId] 3866650814 [Version] 1048832 [Id] WindowsEditor(7,sad) [Debug] 1 [PackageName] WindowsEditor [ProjectName] Editor" joined alternative multi-casting on [225.0.0.222:34997]...

[Physics::Module] Initialized MultithreadedJobDispatcher with 5 workers.
Refreshing native plugins compatible for Editor in 408.99 ms, found 4 plugins.
Preloading 0 native plugins for Editor in 0.00 ms.
Initialize engine version: 2022.3.10f1 (ff3792e53c62)
[Subsystems] Discovering subsystems at path D:/Unity/2022.3.10f1/Editor/Data/Resources/UnitySubsystems
[Subsystems] Discovering subsystems at path D:/Games/My/Tower Defense/Assets
GfxDevice: creating device client; threaded=0; jobified=0
Direct3D:
    Version:  Direct3D 11.0 [level 11.1]
    Renderer: NVIDIA GeForce GTX 1050 Ti (ID=0x1c82)
    Vendor:   NVIDIA
    VRAM:     4017 MB
    Driver:   31.0.15.3640
Initialize mono
Mono path[0] = 'D:/Unity/2022.3.10f1/Editor/Data/Managed'
Mono path[1] = 'D:/Unity/2022.3.10f1/Editor/Data/MonoBleedingEdge/lib/mono/unityjit-win32'
Mono config path = 'D:/Unity/2022.3.10f1/Editor/Data/MonoBleedingEdge/etc'
Using monoOptions --debugger-agent=transport=dt_socket,embedding=1,server=y,suspend=n,address=127.0.0.1:56864
Begin MonoManager ReloadAssembly
Registering precompiled unity dll's ...
Register platform support module: D:/Unity/2022.3.10f1/Editor/Data/PlaybackEngines/WebGLSupport/UnityEditor.WebGL.Extensions.dll
Register platform support module: D:/Unity/2022.3.10f1/Editor/Data/PlaybackEngines/AndroidPlayer/UnityEditor.Android.Extensions.dll
Register platform support module: D:/Unity/2022.3.10f1/Editor/Data/PlaybackEngines/iOSSupport/UnityEditor.iOS.Extensions.dll
Register platform support module: D:/Unity/2022.3.10f1/Editor/Data/PlaybackEngines/WindowsStandaloneSupport/UnityEditor.WindowsStandalone.Extensions.dll
Registered in 0.476474 seconds.
- Loaded All Assemblies, in  2.774 seconds
Native extension for WindowsStandalone target not found
[usbmuxd] Start listen thread
[usbmuxd] Listen thread started
Native extension for iOS target not found
Native extension for Android target not found
Android Extension - Scanning For ADB Devices 312 ms
Native extension for WebGL target not found
Mono: successfully reloaded assembly
- Finished resetting the current domain, in  0.745 seconds
Domain Reload Profiling: 3519ms
	BeginReloadAssembly (1863ms)
		ExecutionOrderSort (0ms)
		DisableScriptedObjects (0ms)
		BackupInstance (0ms)
		ReleaseScriptingObjects (0ms)
		CreateAndSetChildDomain (1ms)
	RebuildCommonClasses (37ms)
	RebuildNativeTypeToScriptingClass (12ms)
	initialDomainReloadingComplete (530ms)
	LoadAllAssembliesAndSetupDomain (331ms)
		LoadAssemblies (1865ms)
		RebuildTransferFunctionScriptingTraits (0ms)
		AnalyzeDomain (326ms)
			TypeCache.Refresh (325ms)
				TypeCache.ScanAssembly (306ms)
			ScanForSourceGeneratedMonoScriptInfo (0ms)
			ResolveRequiredComponents (1ms)
	FinalizeReload (746ms)
		ReleaseScriptCaches (0ms)
		RebuildScriptCaches (0ms)
		SetupLoadedEditorAssemblies (679ms)
			LogAssemblyErrors (0ms)
			InitializePlatformSupportModulesInManaged (495ms)
			SetLoadedEditorAssemblies (4ms)
			RefreshPlugins (0ms)
			BeforeProcessingInitializeOnLoad (2ms)
			ProcessInitializeOnLoadAttributes (109ms)
			ProcessInitializeOnLoadMethodAttributes (68ms)
			AfterProcessingInitializeOnLoad (0ms)
			EditorAssembliesLoaded (0ms)
		ExecutionOrderSort2 (0ms)
		AwakeInstancesAfterBackupRestoration (0ms)
========================================================================
Worker process is ready to serve import requests
Begin MonoManager ReloadAssembly
- Loaded All Assemblies, in  2.925 seconds
Refreshing native plugins compatible for Editor in 5.42 ms, found 4 plugins.
Native extension for WindowsStandalone target not found
Native extension for iOS target not found
Native extension for Android target not found
Native extension for WebGL target not found
Package Manager log level set to [2]
[Package Manager] Server::EnsureServerProcessIsRunning -- launch failed, reason: Unity was launched with the -noUpm command-line argument
[Package Manager] UpmClient::Send -- Unable to send message (not connected to UPM process).
[Package Manager] Cannot connect to Unity Package Manager local server
Mono: successfully reloaded assembly
- Finished resetting the current domain, in  0.794 seconds
Domain Reload Profiling: 3719ms
	BeginReloadAssembly (188ms)
		ExecutionOrderSort (0ms)
		DisableScriptedObjects (7ms)
		BackupInstance (0ms)
		ReleaseScriptingObjects (0ms)
		CreateAndSetChildDomain (25ms)
	RebuildCommonClasses (40ms)
	RebuildNativeTypeToScriptingClass (13ms)
	initialDomainReloadingComplete (44ms)
	LoadAllAssembliesAndSetupDomain (2640ms)
		LoadAssemblies (2516ms)
		RebuildTransferFunctionScriptingTraits (0ms)
		AnalyzeDomain (241ms)
			TypeCache.Refresh (204ms)
				TypeCache.ScanAssembly (176ms)
			ScanForSourceGeneratedMonoScriptInfo (28ms)
			ResolveRequiredComponents (7ms)
	FinalizeReload (794ms)
		ReleaseScriptCaches (0ms)
		RebuildScriptCaches (0ms)
		SetupLoadedEditorAssemblies (586ms)
			LogAssemblyErrors (0ms)
			InitializePlatformSupportModulesInManaged (39ms)
			SetLoadedEditorAssemblies (4ms)
			RefreshPlugins (0ms)
			BeforeProcessingInitializeOnLoad (69ms)
			ProcessInitializeOnLoadAttributes (426ms)
			ProcessInitializeOnLoadMethodAttributes (45ms)
			AfterProcessingInitializeOnLoad (3ms)
			EditorAssembliesLoaded (0ms)
		ExecutionOrderSort2 (0ms)
		AwakeInstancesAfterBackupRestoration (10ms)
Launched and connected shader compiler UnityShaderCompiler.exe after 0.17 seconds
Refreshing native plugins compatible for Editor in 4.93 ms, found 4 plugins.
Preloading 0 native plugins for Editor in 0.00 ms.
Unloading 4004 Unused Serialized files (Serialized files now loaded: 0)
Unloading 69 unused Assets / (244.6 KB). Loaded Objects now: 4463.
Memory consumption went from 141.6 MB to 141.4 MB.
Total: 4.776500 ms (FindLiveObjects: 0.320700 ms CreateObjectMapping: 0.295300 ms MarkObjects: 3.922900 ms  DeleteObjects: 0.236200 ms)

AssetImportParameters requested are different than current active one (requested -> active):
  custom:container-demuxer-ogg: 62fdf1f143b41e24485cea50d1cbac27 -> 
  custom:video-decoder-ogg-theora: a1e56fd34408186e4bbccfd4996cb3dc -> 
  custom:framework-win-MediaFoundation: 216162199b28c13a410421893ffa2e32 -> 
  custom:CustomObjectIndexerAttribute: 756ad292c208cfabdd7b50bc23989ffe -> 
  custom:container-demuxer-webm: 4f35f7cbe854078d1ac9338744f61a02 -> 
  custom:container-muxer-webm: aa71ff27fc2769a1b78a27578f13a17b -> 
  custom:video-decoder-webm-vp8: 9c59270c3fd7afecdb556c50c9e8de78 -> 
  custom:SearchIndexIgnoredProperties: e643bd26f0fe6173181afceb89e7c659 -> 
  custom:AudioImporter_EditorPlatform: d09bf68614088b80899f8185d706f6e7 -> 
  custom:video-encoder-webm-vp8: eb34c28f22e8b96e1ab97ce403110664 -> 
  custom:audio-decoder-ogg-vorbis: bf7c407c2cedff20999df2af8eb42d56 -> 
  custom:audio-encoder-webm-vorbis: bf7c407c2cedff20999df2af8eb42d56 -> 
========================================================================
Received Import Request.
  Time since last request: 4541.884515 seconds.
  path: Assets/GUI.png
  artifactKey: Guid(1eaee135ce037439d925cee5e41ce026) Importer(815301076,1909f56bfc062723c751e8b465ee728b)
Start importing Assets/GUI.png using Guid(1eaee135ce037439d925cee5e41ce026) Importer(815301076,1909f56bfc062723c751e8b465ee728b)  -> (artifact id: '4c82f4bc5b7cd52ae24d3d7a2fcd19f4') in 0.376219 seconds
Number of updated asset objects reloaded before import = 0
Number of asset objects unloaded after import = 64
========================================================================
Received Import Request.
  Time since last request: 577.413712 seconds.
  path: Assets/TX Props.png
  artifactKey: Guid(29c9cded5e558164aaf8c9bf08aa1510) Importer(815301076,1909f56bfc062723c751e8b465ee728b)
Start importing Assets/TX Props.png using Guid(29c9cded5e558164aaf8c9bf08aa1510) Importer(815301076,1909f56bfc062723c751e8b465ee728b)  -> (artifact id: '91e698b3f09ed9eff5ac53f11b1fbf6a') in 0.160919 seconds
Number of updated asset objects reloaded before import = 0
Number of asset objects unloaded after import = 50
========================================================================
Received Import Request.
  Time since last request: 0.000027 seconds.
  path: Assets/TX Tileset Grass.png
  artifactKey: Guid(1c9ed9d1200c29d4cbfd2071028c1cd5) Importer(815301076,1909f56bfc062723c751e8b465ee728b)
Start importing Assets/TX Tileset Grass.png using Guid(1c9ed9d1200c29d4cbfd2071028c1cd5) Importer(815301076,1909f56bfc062723c751e8b465ee728b)  -> (artifact id: 'ffc6d78c59f3a46dcdbdb25481555eb7') in 0.141993 seconds
Number of updated asset objects reloaded before import = 0
Number of asset objects unloaded after import = 66
========================================================================
Received Import Request.
  Time since last request: 392.973199 seconds.
  path: Assets/New Palette.prefab
  artifactKey: Guid(1499e00762c9d1a41ac7d1eceeeb6a4a) Importer(815301076,1909f56bfc062723c751e8b465ee728b)
Start importing Assets/New Palette.prefab using Guid(1499e00762c9d1a41ac7d1eceeeb6a4a) Importer(815301076,1909f56bfc062723c751e8b465ee728b)  -> (artifact id: '796a0da73a23cb048bc9b3494328b2de') in 0.131263 seconds
Number of updated asset objects reloaded before import = 0
Number of asset objects unloaded after import = 10
========================================================================
Received Import Request.
  Time since last request: 89.163498 seconds.
  path: Assets/New Palette.prefab
  artifactKey: Guid(1499e00762c9d1a41ac7d1eceeeb6a4a) Importer(815301076,1909f56bfc062723c751e8b465ee728b)
Start importing Assets/New Palette.prefab using Guid(1499e00762c9d1a41ac7d1eceeeb6a4a) Importer(815301076,1909f56bfc062723c751e8b465ee728b)  -> (artifact id: '5f41d4afcb42679e198cea642522a5ae') in 0.106612 seconds
Number of updated asset objects reloaded before import = 0
Number of asset objects unloaded after import = 139
========================================================================
Received Import Request.
  Time since last request: 2.142367 seconds.
  path: Assets/TX Tileset Grass 0.asset
  artifactKey: Guid(ce59b7a9b2200d04ab26aeddae700102) Importer(815301076,1909f56bfc062723c751e8b465ee728b)
Start importing Assets/TX Tileset Grass 0.asset using Guid(ce59b7a9b2200d04ab26aeddae700102) Importer(815301076,1909f56bfc062723c751e8b465ee728b)  -> (artifact id: 'fb5783367e2702c53724b6eac8eeefde') in 0.012200 seconds
Number of updated asset objects reloaded before import = 0
Number of asset objects unloaded after import = 3
========================================================================
Received Import Request.
  Time since last request: 0.009520 seconds.
  path: Assets/TX Tileset Grass 1.asset
  artifactKey: Guid(5e916d88d37527a47bf2a79bc7937634) Importer(815301076,1909f56bfc062723c751e8b465ee728b)
Start importing Assets/TX Tileset Grass 1.asset using Guid(5e916d88d37527a47bf2a79bc7937634) Importer(815301076,1909f56bfc062723c751e8b465ee728b)  -> (artifact id: 'c345f85ad146da8c5d4804ab0adee56f') in 0.018697 seconds
Number of updated asset objects reloaded before import = 0
Number of asset objects unloaded after import = 3
========================================================================
Received Import Request.
  Time since last request: 0.000026 seconds.
  path: Assets/TX Tileset Grass Flower 6.asset
  artifactKey: Guid(a1d2bcff5f4ccae4c9199643de441f0d) Importer(815301076,1909f56bfc062723c751e8b465ee728b)
Start importing Assets/TX Tileset Grass Flower 6.asset using Guid(a1d2bcff5f4ccae4c9199643de441f0d) Importer(815301076,1909f56bfc062723c751e8b465ee728b)  -> (artifact id: '2164a9ea2c9e1f7b62da14895df8a818') in 0.012107 seconds
Number of updated asset objects reloaded before import = 0
Number of asset objects unloaded after import = 3
========================================================================
Received Import Request.
  Time since last request: 0.000017 seconds.
  path: Assets/TX Tileset Grass 7.asset
  artifactKey: Guid(517c16d57a260374da938862ce6e17d7) Importer(815301076,1909f56bfc062723c751e8b465ee728b)
Start importing Assets/TX Tileset Grass 7.asset using Guid(517c16d57a260374da938862ce6e17d7) Importer(815301076,1909f56bfc062723c751e8b465ee728b)  -> (artifact id: '5231aaf59600f37e931d02e3e426957a') in 0.010822 seconds
Number of updated asset objects reloaded before import = 0
Number of asset objects unloaded after import = 3
========================================================================
Received Import Request.
  Time since last request: 0.000023 seconds.
  path: Assets/TX Tileset Grass Flower 7.asset
  artifactKey: Guid(e8525b5d0e19e62429ef465abd395fc1) Importer(815301076,1909f56bfc062723c751e8b465ee728b)
Start importing Assets/TX Tileset Grass Flower 7.asset using Guid(e8525b5d0e19e62429ef465abd395fc1) Importer(815301076,1909f56bfc062723c751e8b465ee728b)  -> (artifact id: 'a5a562799234e51d5317113677ae6b60') in 0.009967 seconds
Number of updated asset objects reloaded before import = 0
Number of asset objects unloaded after import = 3
========================================================================
Received Import Request.
  Time since last request: 0.000042 seconds.
  path: Assets/TX Tileset Grass Flower 8.asset
  artifactKey: Guid(a64b7a9b4137d8e4ab71f15ff0081268) Importer(815301076,1909f56bfc062723c751e8b465ee728b)
Start importing Assets/TX Tileset Grass Flower 8.asset using Guid(a64b7a9b4137d8e4ab71f15ff0081268) Importer(815301076,1909f56bfc062723c751e8b465ee728b)  -> (artifact id: '5c5df147ce3115c1166f6040bab3b80e') in 0.011516 seconds
Number of updated asset objects reloaded before import = 0
Number of asset objects unloaded after import = 3
========================================================================
Received Import Request.
  Time since last request: 0.000019 seconds.
  path: Assets/TX Tileset Grass 11.asset
  artifactKey: Guid(0ae73030242749347a5416089676a88f) Importer(815301076,1909f56bfc062723c751e8b465ee728b)
Start importing Assets/TX Tileset Grass 11.asset using Guid(0ae73030242749347a5416089676a88f) Importer(815301076,1909f56bfc062723c751e8b465ee728b)  -> (artifact id: 'f857475e7f01480e23e4a397b03c66a6') in 0.010722 seconds
Number of updated asset objects reloaded before import = 0
Number of asset objects unloaded after import = 3
========================================================================
Received Import Request.
  Time since last request: 0.000022 seconds.
  path: Assets/TX Tileset Grass 3.asset
  artifactKey: Guid(4fa3a35edeb23dc4f89391a643b076ba) Importer(815301076,1909f56bfc062723c751e8b465ee728b)
Start importing Assets/TX Tileset Grass 3.asset using Guid(4fa3a35edeb23dc4f89391a643b076ba) Importer(815301076,1909f56bfc062723c751e8b465ee728b)  -> (artifact id: '72fc3c0da0e6dcc9f87512e3cc4bed26') in 0.009569 seconds
Number of updated asset objects reloaded before import = 0
Number of asset objects unloaded after import = 3
========================================================================
Received Import Request.
  Time since last request: 0.000029 seconds.
  path: Assets/TX Tileset Grass 14.asset
  artifactKey: Guid(9e1d0748511299949b54d3804668beca) Importer(815301076,1909f56bfc062723c751e8b465ee728b)
Start importing Assets/TX Tileset Grass 14.asset using Guid(9e1d0748511299949b54d3804668beca) Importer(815301076,1909f56bfc062723c751e8b465ee728b)  -> (artifact id: 'bef9a04b58cbd7a77070a9ae7a83a952') in 0.009779 seconds
Number of updated asset objects reloaded before import = 0
Number of asset objects unloaded after import = 3
========================================================================
Received Import Request.
  Time since last request: 0.000019 seconds.
  path: Assets/TX Tileset Grass Flower 4.asset
  artifactKey: Guid(13339f6f5097fa243ac01db69006a24a) Importer(815301076,1909f56bfc062723c751e8b465ee728b)
Start importing Assets/TX Tileset Grass Flower 4.asset using Guid(13339f6f5097fa243ac01db69006a24a) Importer(815301076,1909f56bfc062723c751e8b465ee728b)  -> (artifact id: 'c31b7ef7614462b46d1d3fd4ac46c587') in 0.009726 seconds
Number of updated asset objects reloaded before import = 0
Number of asset objects unloaded after import = 3
========================================================================
Received Import Request.
  Time since last request: 0.000016 seconds.
  path: Assets/TX Tileset Grass Flower 10.asset
  artifactKey: Guid(2d4928afd3638ab48a6236d2d768be14) Importer(815301076,1909f56bfc062723c751e8b465ee728b)
Start importing Assets/TX Tileset Grass Flower 10.asset using Guid(2d4928afd3638ab48a6236d2d768be14) Importer(815301076,1909f56bfc062723c751e8b465ee728b)  -> (artifact id: 'd80e3828e435c8da04f4f56a282cd618') in 0.011442 seconds
Number of updated asset objects reloaded before import = 0
Number of asset objects unloaded after import = 3
========================================================================
Received Import Request.
  Time since last request: 0.000015 seconds.
  path: Assets/TX Tileset Grass Flower 3.asset
  artifactKey: Guid(2bff43b52defd2f4c995b9b9e30ef197) Importer(815301076,1909f56bfc062723c751e8b465ee728b)
Start importing Assets/TX Tileset Grass Flower 3.asset using Guid(2bff43b52defd2f4c995b9b9e30ef197) Importer(815301076,1909f56bfc062723c751e8b465ee728b)  -> (artifact id: '811c1e79d5494d69d22d8e51a92b62c6') in 0.009584 seconds
Number of updated asset objects reloaded before import = 0
Number of asset objects unloaded after import = 3
========================================================================
Received Import Request.
  Time since last request: 0.000015 seconds.
  path: Assets/TX Tileset Grass Flower 1.asset
  artifactKey: Guid(eab297e9f198eed4db92818cf7b8b1fc) Importer(815301076,1909f56bfc062723c751e8b465ee728b)
Start importing Assets/TX Tileset Grass Flower 1.asset using Guid(eab297e9f198eed4db92818cf7b8b1fc) Importer(815301076,1909f56bfc062723c751e8b465ee728b)  -> (artifact id: '2ee6759d61f8686d9953188bb27f3e14') in 0.010659 seconds
Number of updated asset objects reloaded before import = 0
Number of asset objects unloaded after import = 3
========================================================================
Received Import Request.
  Time since last request: 0.000015 seconds.
  path: Assets/TX Tileset Grass Flower 2.asset
  artifactKey: Guid(a059a59cdf8908b489a07e267da7611c) Importer(815301076,1909f56bfc062723c751e8b465ee728b)
Start importing Assets/TX Tileset Grass Flower 2.asset using Guid(a059a59cdf8908b489a07e267da7611c) Importer(815301076,1909f56bfc062723c751e8b465ee728b)  -> (artifact id: 'b1dbe085e6893a7badac1b29b826df9c') in 0.010805 seconds
Number of updated asset objects reloaded before import = 0
Number of asset objects unloaded after import = 3
========================================================================
Received Import Request.
  Time since last request: 0.000027 seconds.
  path: Assets/TX Tileset Grass 15.asset
  artifactKey: Guid(3e328dd4f5b60d64989a8ac334904430) Importer(815301076,1909f56bfc062723c751e8b465ee728b)
Start importing Assets/TX Tileset Grass 15.asset using Guid(3e328dd4f5b60d64989a8ac334904430) Importer(815301076,1909f56bfc062723c751e8b465ee728b)  -> (artifact id: '6712a066af39f5a70c5052fcb760634d') in 0.011251 seconds
Number of updated asset objects reloaded before import = 0
Number of asset objects unloaded after import = 3
========================================================================
Received Import Request.
  Time since last request: 0.000015 seconds.
  path: Assets/TX Tileset Grass 13.asset
  artifactKey: Guid(f151596edad974b4491a6aaa8a72c6d2) Importer(815301076,1909f56bfc062723c751e8b465ee728b)
Start importing Assets/TX Tileset Grass 13.asset using Guid(f151596edad974b4491a6aaa8a72c6d2) Importer(815301076,1909f56bfc062723c751e8b465ee728b)  -> (artifact id: '11e7975d99f3b600ca7eb30d81586e99') in 0.010162 seconds
Number of updated asset objects reloaded before import = 0
Number of asset objects unloaded after import = 3
========================================================================
Received Import Request.
  Time since last request: 0.000015 seconds.
  path: Assets/TX Tileset Grass Flower 11.asset
  artifactKey: Guid(af76352aff0eaa64b9cd86288a7f473a) Importer(815301076,1909f56bfc062723c751e8b465ee728b)
Start importing Assets/TX Tileset Grass Flower 11.asset using Guid(af76352aff0eaa64b9cd86288a7f473a) Importer(815301076,1909f56bfc062723c751e8b465ee728b)  -> (artifact id: '1e37938e39094bbd15a462a09499aed2') in 0.010933 seconds
Number of updated asset objects reloaded before import = 0
Number of asset objects unloaded after import = 3
========================================================================
Received Import Request.
  Time since last request: 0.000016 seconds.
  path: Assets/TX Tileset Grass 5.asset
  artifactKey: Guid(b2a5c53213d18884dabb958ceb223464) Importer(815301076,1909f56bfc062723c751e8b465ee728b)
Start importing Assets/TX Tileset Grass 5.asset using Guid(b2a5c53213d18884dabb958ceb223464) Importer(815301076,1909f56bfc062723c751e8b465ee728b)  -> (artifact id: 'b7fb98f9ca40e2adab04fe38a7f6e232') in 0.009846 seconds
Number of updated asset objects reloaded before import = 0
Number of asset objects unloaded after import = 3
========================================================================
Received Import Request.
  Time since last request: 0.000016 seconds.
  path: Assets/TX Tileset Grass Flower 12.asset
  artifactKey: Guid(94fc719f7f231944aa242a45f0f857c4) Importer(815301076,1909f56bfc062723c751e8b465ee728b)
Start importing Assets/TX Tileset Grass Flower 12.asset using Guid(94fc719f7f231944aa242a45f0f857c4) Importer(815301076,1909f56bfc062723c751e8b465ee728b)  -> (artifact id: 'fff9b3bfe4dc06e6b2e07861c338f06f') in 0.010583 seconds
Number of updated asset objects reloaded before import = 0
Number of asset objects unloaded after import = 3
========================================================================
Received Import Request.
  Time since last request: 0.000017 seconds.
  path: Assets/TX Tileset Grass 12.asset
  artifactKey: Guid(39028d35ae03a784399d1325ecafe25e) Importer(815301076,1909f56bfc062723c751e8b465ee728b)
Start importing Assets/TX Tileset Grass 12.asset using Guid(39028d35ae03a784399d1325ecafe25e) Importer(815301076,1909f56bfc062723c751e8b465ee728b)  -> (artifact id: '222fa57550c14d06ff75c1698a75bfd4') in 0.010128 seconds
Number of updated asset objects reloaded before import = 0
Number of asset objects unloaded after import = 3
========================================================================
Received Import Request.
  Time since last request: 0.000069 seconds.
  path: Assets/TX Tileset Grass Flower 9.asset
  artifactKey: Guid(96e070f3318224d44a063b99016004cd) Importer(815301076,1909f56bfc062723c751e8b465ee728b)
Start importing Assets/TX Tileset Grass Flower 9.asset using Guid(96e070f3318224d44a063b99016004cd) Importer(815301076,1909f56bfc062723c751e8b465ee728b)  -> (artifact id: '8c3a1916d4289dcd0a8b3c269e6d7cbf') in 0.011079 seconds
Number of updated asset objects reloaded before import = 0
Number of asset objects unloaded after import = 3
========================================================================
Received Import Request.
  Time since last request: 0.000015 seconds.
  path: Assets/TX Tileset Grass Flower 0.asset
  artifactKey: Guid(1a48475dcf2125e439cfad7df6c9d934) Importer(815301076,1909f56bfc062723c751e8b465ee728b)
Start importing Assets/TX Tileset Grass Flower 0.asset using Guid(1a48475dcf2125e439cfad7df6c9d934) Importer(815301076,1909f56bfc062723c751e8b465ee728b)  -> (artifact id: '5a59c5e55e752c53ce41dd281e7b60fd') in 0.009514 seconds
Number of updated asset objects reloaded before import = 0
Number of asset objects unloaded after import = 3
========================================================================
Received Import Request.
  Time since last request: 0.000016 seconds.
  path: Assets/TX Tileset Grass Flower 5.asset
  artifactKey: Guid(36b97c2fe4333ca45adf1a97eb9667b9) Importer(815301076,1909f56bfc062723c751e8b465ee728b)
Start importing Assets/TX Tileset Grass Flower 5.asset using Guid(36b97c2fe4333ca45adf1a97eb9667b9) Importer(815301076,1909f56bfc062723c751e8b465ee728b)  -> (artifact id: '76b6a5845efafe8a98a9a0d8a571d52b') in 0.010791 seconds
Number of updated asset objects reloaded before import = 0
Number of asset objects unloaded after import = 3
========================================================================
Received Import Request.
  Time since last request: 0.000015 seconds.
  path: Assets/TX Tileset Grass 2.asset
  artifactKey: Guid(83a4979b2a4dfcb4fa348f50f440fdd1) Importer(815301076,1909f56bfc062723c751e8b465ee728b)
Start importing Assets/TX Tileset Grass 2.asset using Guid(83a4979b2a4dfcb4fa348f50f440fdd1) Importer(815301076,1909f56bfc062723c751e8b465ee728b)  -> (artifact id: '0d5c36292f57b424bfd9fbc85096b4f2') in 0.009599 seconds
Number of updated asset objects reloaded before import = 0
Number of asset objects unloaded after import = 3
========================================================================
Received Import Request.
  Time since last request: 0.000016 seconds.
  path: Assets/TX Tileset Grass 8.asset
  artifactKey: Guid(3cf72821c85683b43b7234f294f3ef5a) Importer(815301076,1909f56bfc062723c751e8b465ee728b)
Start importing Assets/TX Tileset Grass 8.asset using Guid(3cf72821c85683b43b7234f294f3ef5a) Importer(815301076,1909f56bfc062723c751e8b465ee728b)  -> (artifact id: '79ad18c7e03510cb77c5beb95b4f579f') in 0.011048 seconds
Number of updated asset objects reloaded before import = 0
Number of asset objects unloaded after import = 3
========================================================================
Received Import Request.
  Time since last request: 0.000022 seconds.
  path: Assets/TX Tileset Grass 4.asset
  artifactKey: Guid(a3edb82035650a443bf7b5eb2bfd7e27) Importer(815301076,1909f56bfc062723c751e8b465ee728b)
Start importing Assets/TX Tileset Grass 4.asset using Guid(a3edb82035650a443bf7b5eb2bfd7e27) Importer(815301076,1909f56bfc062723c751e8b465ee728b)  -> (artifact id: 'b1860a8bc135702e853a7aafd6449190') in 0.010978 seconds
Number of updated asset objects reloaded before import = 0
Number of asset objects unloaded after import = 3
========================================================================
Received Import Request.
  Time since last request: 0.000015 seconds.
  path: Assets/TX Tileset Grass 6.asset
  artifactKey: Guid(d9b91a180221d5841b4d7499133c34e7) Importer(815301076,1909f56bfc062723c751e8b465ee728b)
Start importing Assets/TX Tileset Grass 6.asset using Guid(d9b91a180221d5841b4d7499133c34e7) Importer(815301076,1909f56bfc062723c751e8b465ee728b)  -> (artifact id: '009fc2c8eab541e3f1a73b4921d72a1d') in 0.033927 seconds
Number of updated asset objects reloaded before import = 0
Number of asset objects unloaded after import = 3
========================================================================
Received Import Request.
  Time since last request: 0.000017 seconds.
  path: Assets/TX Tileset Grass 10.asset
  artifactKey: Guid(916154600f3c82d4caf7e5ec5bc3dd5b) Importer(815301076,1909f56bfc062723c751e8b465ee728b)
Start importing Assets/TX Tileset Grass 10.asset using Guid(916154600f3c82d4caf7e5ec5bc3dd5b) Importer(815301076,1909f56bfc062723c751e8b465ee728b)  -> (artifact id: '0d61af60246bad9535b39b56e25cbf98') in 0.011341 seconds
Number of updated asset objects reloaded before import = 0
Number of asset objects unloaded after import = 3
========================================================================
Received Import Request.
  Time since last request: 0.000026 seconds.
  path: Assets/TX Tileset Grass 9.asset
  artifactKey: Guid(b132885835623b147812ee2fe6ad34b9) Importer(815301076,1909f56bfc062723c751e8b465ee728b)
Start importing Assets/TX Tileset Grass 9.asset using Guid(b132885835623b147812ee2fe6ad34b9) Importer(815301076,1909f56bfc062723c751e8b465ee728b)  -> (artifact id: '93dc0470518c5e7e9348571abf75275d') in 0.009739 seconds
Number of updated asset objects reloaded before import = 0
Number of asset objects unloaded after import = 3
========================================================================
Received Import Request.
  Time since last request: 420.751914 seconds.
  path: Assets/TX Tileset Grass Flower 13.asset
  artifactKey: Guid(3f02e391f4ef8db4995d42a72d58e07e) Importer(815301076,1909f56bfc062723c751e8b465ee728b)
Start importing Assets/TX Tileset Grass Flower 13.asset using Guid(3f02e391f4ef8db4995d42a72d58e07e) Importer(815301076,1909f56bfc062723c751e8b465ee728b)  -> (artifact id: '512b28aeb8940ac2e6c20af05b75b427') in 0.016138 seconds
Number of updated asset objects reloaded before import = 0
Number of asset objects unloaded after import = 3
========================================================================
Received Import Request.
  Time since last request: 0.000020 seconds.
  path: Assets/TX Tileset Grass Pavement 3.asset
  artifactKey: Guid(bb6549af723300246a740c55e8c872c8) Importer(815301076,1909f56bfc062723c751e8b465ee728b)
Start importing Assets/TX Tileset Grass Pavement 3.asset using Guid(bb6549af723300246a740c55e8c872c8) Importer(815301076,1909f56bfc062723c751e8b465ee728b)  -> (artifact id: 'f505b315b27dc1bf0fce6002351672dc') in 0.011510 seconds
Number of updated asset objects reloaded before import = 0
Number of asset objects unloaded after import = 3
========================================================================
Received Import Request.
  Time since last request: 0.000016 seconds.
  path: Assets/TX Tileset Grass Pavement 0.asset
  artifactKey: Guid(1c80decdc93480d4d8936203c77aa4fa) Importer(815301076,1909f56bfc062723c751e8b465ee728b)
Start importing Assets/TX Tileset Grass Pavement 0.asset using Guid(1c80decdc93480d4d8936203c77aa4fa) Importer(815301076,1909f56bfc062723c751e8b465ee728b)  -> (artifact id: 'daeb3137a4591b193fd84dda8c68ae1c') in 0.010474 seconds
Number of updated asset objects reloaded before import = 0
Number of asset objects unloaded after import = 3
========================================================================
Received Import Request.
  Time since last request: 0.000017 seconds.
  path: Assets/TX Tileset Grass Pavement 2.asset
  artifactKey: Guid(ccd17993431fd4546a2dfb99c41f7620) Importer(815301076,1909f56bfc062723c751e8b465ee728b)
Start importing Assets/TX Tileset Grass Pavement 2.asset using Guid(ccd17993431fd4546a2dfb99c41f7620) Importer(815301076,1909f56bfc062723c751e8b465ee728b)  -> (artifact id: '6b0689fe0d3f8479950a3c07d62d7c8c') in 0.009807 seconds
Number of updated asset objects reloaded before import = 0
Number of asset objects unloaded after import = 3
========================================================================
Received Import Request.
  Time since last request: 0.000017 seconds.
  path: Assets/TX Tileset Grass Pavement 5.asset
  artifactKey: Guid(681bc0d7b762cd8479adc585e476588e) Importer(815301076,1909f56bfc062723c751e8b465ee728b)
Start importing Assets/TX Tileset Grass Pavement 5.asset using Guid(681bc0d7b762cd8479adc585e476588e) Importer(815301076,1909f56bfc062723c751e8b465ee728b)  -> (artifact id: '44881a8c49b0671eef035285eb1d5b9a') in 0.010153 seconds
Number of updated asset objects reloaded before import = 0
Number of asset objects unloaded after import = 3
========================================================================
Received Import Request.
  Time since last request: 0.000046 seconds.
  path: Assets/TX Tileset Grass Pavement 6.asset
  artifactKey: Guid(209008406f241ff42bb81a95a291f606) Importer(815301076,1909f56bfc062723c751e8b465ee728b)
Start importing Assets/TX Tileset Grass Pavement 6.asset using Guid(209008406f241ff42bb81a95a291f606) Importer(815301076,1909f56bfc062723c751e8b465ee728b)  -> (artifact id: '1593e9937b8491bd8aca1966fc4c0e43') in 0.011519 seconds
Number of updated asset objects reloaded before import = 0
Number of asset objects unloaded after import = 3
========================================================================
Received Import Request.
  Time since last request: 0.000019 seconds.
  path: Assets/TX Tileset Grass Pavement 1.asset
  artifactKey: Guid(7f34fece8ed097840aabf990f3695139) Importer(815301076,1909f56bfc062723c751e8b465ee728b)
Start importing Assets/TX Tileset Grass Pavement 1.asset using Guid(7f34fece8ed097840aabf990f3695139) Importer(815301076,1909f56bfc062723c751e8b465ee728b)  -> (artifact id: '07685dbc3d0378930cf8d9519c8f5a4d') in 0.043417 seconds
Number of updated asset objects reloaded before import = 0
Number of asset objects unloaded after import = 3
========================================================================
Received Import Request.
  Time since last request: 0.000016 seconds.
  path: Assets/TX Tileset Grass Flower 15.asset
  artifactKey: Guid(031617fe13b94e541ac5e66dfcee2b65) Importer(815301076,1909f56bfc062723c751e8b465ee728b)
Start importing Assets/TX Tileset Grass Flower 15.asset using Guid(031617fe13b94e541ac5e66dfcee2b65) Importer(815301076,1909f56bfc062723c751e8b465ee728b)  -> (artifact id: '6419ee96306269b82f9e827d6cf1e0d8') in 0.010250 seconds
Number of updated asset objects reloaded before import = 0
Number of asset objects unloaded after import = 3
========================================================================
Received Import Request.
  Time since last request: 0.000016 seconds.
  path: Assets/TX Tileset Grass Pavement 7.asset
  artifactKey: Guid(4dcaa9014c6c4364b875caa1146a9d34) Importer(815301076,1909f56bfc062723c751e8b465ee728b)
Start importing Assets/TX Tileset Grass Pavement 7.asset using Guid(4dcaa9014c6c4364b875caa1146a9d34) Importer(815301076,1909f56bfc062723c751e8b465ee728b)  -> (artifact id: '72e83ac32c4bf634573ed1c308021085') in 0.010015 seconds
Number of updated asset objects reloaded before import = 0
Number of asset objects unloaded after import = 3
========================================================================
Received Import Request.
  Time since last request: 0.000016 seconds.
  path: Assets/TX Tileset Grass Pavement 4.asset
  artifactKey: Guid(14c11d7af4d4d3c43927e9531ef4d017) Importer(815301076,1909f56bfc062723c751e8b465ee728b)
Start importing Assets/TX Tileset Grass Pavement 4.asset using Guid(14c11d7af4d4d3c43927e9531ef4d017) Importer(815301076,1909f56bfc062723c751e8b465ee728b)  -> (artifact id: '433047c130a2e49e20aba07d35b79717') in 0.009862 seconds
Number of updated asset objects reloaded before import = 0
Number of asset objects unloaded after import = 3
========================================================================
Received Import Request.
  Time since last request: 0.000017 seconds.
  path: Assets/TX Tileset Grass Flower 14.asset
  artifactKey: Guid(6f2060771044c194d85265da4dd3d4e2) Importer(815301076,1909f56bfc062723c751e8b465ee728b)
Start importing Assets/TX Tileset Grass Flower 14.asset using Guid(6f2060771044c194d85265da4dd3d4e2) Importer(815301076,1909f56bfc062723c751e8b465ee728b)  -> (artifact id: '2c9a02ac1f24222f12e9637242ff9cb0') in 0.010072 seconds
Number of updated asset objects reloaded before import = 0
Number of asset objects unloaded after import = 3
========================================================================
Received Import Request.
  Time since last request: 0.779059 seconds.
  path: Assets/TX Tileset Grass_34.asset
  artifactKey: Guid(b5296dd953bcb1f4ea79a6472f82e301) Importer(815301076,1909f56bfc062723c751e8b465ee728b)
Start importing Assets/TX Tileset Grass_34.asset using Guid(b5296dd953bcb1f4ea79a6472f82e301) Importer(815301076,1909f56bfc062723c751e8b465ee728b)  -> (artifact id: 'd9d1906e838b3e81c63cf4330b9925ae') in 0.009883 seconds
Number of updated asset objects reloaded before import = 0
Number of asset objects unloaded after import = 3
========================================================================
Received Import Request.
  Time since last request: 0.000026 seconds.
  path: Assets/TX Tileset Grass_44.asset
  artifactKey: Guid(b847223ae71b65f4ab924b6efb3a569d) Importer(815301076,1909f56bfc062723c751e8b465ee728b)
Start importing Assets/TX Tileset Grass_44.asset using Guid(b847223ae71b65f4ab924b6efb3a569d) Importer(815301076,1909f56bfc062723c751e8b465ee728b)  -> (artifact id: '8b50162be2a9b8183bbcf4ef7a65b4d8') in 0.012940 seconds
Number of updated asset objects reloaded before import = 0
Number of asset objects unloaded after import = 3
========================================================================
Received Import Request.
  Time since last request: 0.000017 seconds.
  path: Assets/TX Tileset Grass_46.asset
  artifactKey: Guid(8cfc2dcc03d9a2c42a92a750297d1b35) Importer(815301076,1909f56bfc062723c751e8b465ee728b)
Start importing Assets/TX Tileset Grass_46.asset using Guid(8cfc2dcc03d9a2c42a92a750297d1b35) Importer(815301076,1909f56bfc062723c751e8b465ee728b)  -> (artifact id: '16daf5a3c26651f469940fd4d27e9dd7') in 0.010889 seconds
Number of updated asset objects reloaded before import = 0
Number of asset objects unloaded after import = 3
========================================================================
Received Import Request.
  Time since last request: 0.000061 seconds.
  path: Assets/TX Tileset Grass_37.asset
  artifactKey: Guid(70c9201f23112ed4c94e3ce1e72a736e) Importer(815301076,1909f56bfc062723c751e8b465ee728b)
Start importing Assets/TX Tileset Grass_37.asset using Guid(70c9201f23112ed4c94e3ce1e72a736e) Importer(815301076,1909f56bfc062723c751e8b465ee728b)  -> (artifact id: '1ba25178d310507ac20ea19b403d1833') in 0.012134 seconds
Number of updated asset objects reloaded before import = 0
Number of asset objects unloaded after import = 3
========================================================================
Received Import Request.
  Time since last request: 0.000021 seconds.
  path: Assets/TX Tileset Grass_53.asset
  artifactKey: Guid(a003671b3792d7e448b0a73ee58a8597) Importer(815301076,1909f56bfc062723c751e8b465ee728b)
Start importing Assets/TX Tileset Grass_53.asset using Guid(a003671b3792d7e448b0a73ee58a8597) Importer(815301076,1909f56bfc062723c751e8b465ee728b)  -> (artifact id: '165d248df7f410c30d8e3e61a57309a1') in 0.009608 seconds
Number of updated asset objects reloaded before import = 0
Number of asset objects unloaded after import = 3
========================================================================
Received Import Request.
  Time since last request: 0.000025 seconds.
  path: Assets/TX Tileset Grass_54.asset
  artifactKey: Guid(4f9763f72b1b2ef4397ac59a2a1564ea) Importer(815301076,1909f56bfc062723c751e8b465ee728b)
Start importing Assets/TX Tileset Grass_54.asset using Guid(4f9763f72b1b2ef4397ac59a2a1564ea) Importer(815301076,1909f56bfc062723c751e8b465ee728b)  -> (artifact id: '73b7e529e3b0795934e56058b709a8ec') in 0.011054 seconds
Number of updated asset objects reloaded before import = 0
Number of asset objects unloaded after import = 3
========================================================================
Received Import Request.
  Time since last request: 0.000015 seconds.
  path: Assets/TX Tileset Grass_38.asset
  artifactKey: Guid(d89261822a2230b409e8ed756a045642) Importer(815301076,1909f56bfc062723c751e8b465ee728b)
Start importing Assets/TX Tileset Grass_38.asset using Guid(d89261822a2230b409e8ed756a045642) Importer(815301076,1909f56bfc062723c751e8b465ee728b)  -> (artifact id: '315cfbcd0b0ae7948128bebb0c65a1ce') in 0.010256 seconds
Number of updated asset objects reloaded before import = 0
Number of asset objects unloaded after import = 3
========================================================================
Received Import Request.
  Time since last request: 0.000020 seconds.
  path: Assets/TX Tileset Grass_59.asset
  artifactKey: Guid(b0e2f248156a8954f8335cd84b1c0625) Importer(815301076,1909f56bfc062723c751e8b465ee728b)
Start importing Assets/TX Tileset Grass_59.asset using Guid(b0e2f248156a8954f8335cd84b1c0625) Importer(815301076,1909f56bfc062723c751e8b465ee728b)  -> (artifact id: '5263e8b3a284f813b910935971964ee8') in 0.009470 seconds
Number of updated asset objects reloaded before import = 0
Number of asset objects unloaded after import = 3
========================================================================
Received Import Request.
  Time since last request: 0.000112 seconds.
  path: Assets/TX Tileset Grass_58.asset
  artifactKey: Guid(ea61972dc49de304291542cf12a9a89f) Importer(815301076,1909f56bfc062723c751e8b465ee728b)
Start importing Assets/TX Tileset Grass_58.asset using Guid(ea61972dc49de304291542cf12a9a89f) Importer(815301076,1909f56bfc062723c751e8b465ee728b)  -> (artifact id: '4108879b5daeba269042f092f6af844a') in 0.010829 seconds
Number of updated asset objects reloaded before import = 0
Number of asset objects unloaded after import = 3
========================================================================
Received Import Request.
  Time since last request: 0.000017 seconds.
  path: Assets/TX Tileset Grass_55.asset
  artifactKey: Guid(0f4da610aa967f84b8b62f92bde42934) Importer(815301076,1909f56bfc062723c751e8b465ee728b)
Start importing Assets/TX Tileset Grass_55.asset using Guid(0f4da610aa967f84b8b62f92bde42934) Importer(815301076,1909f56bfc062723c751e8b465ee728b)  -> (artifact id: 'a3a64c0d468119c65286c6abdc6fb5e6') in 0.010166 seconds
Number of updated asset objects reloaded before import = 0
Number of asset objects unloaded after import = 3
========================================================================
Received Import Request.
  Time since last request: 0.000022 seconds.
  path: Assets/TX Tileset Grass_39.asset
  artifactKey: Guid(9fae7fa31f31e70408b36bb6cced0941) Importer(815301076,1909f56bfc062723c751e8b465ee728b)
Start importing Assets/TX Tileset Grass_39.asset using Guid(9fae7fa31f31e70408b36bb6cced0941) Importer(815301076,1909f56bfc062723c751e8b465ee728b)  -> (artifact id: '60623819dba1cf4ab677c99812004926') in 0.009700 seconds
Number of updated asset objects reloaded before import = 0
Number of asset objects unloaded after import = 3
========================================================================
Received Import Request.
  Time since last request: 0.000019 seconds.
  path: Assets/TX Tileset Grass_47.asset
  artifactKey: Guid(46ad5ea58b49f564e8e5233bdc5b43c9) Importer(815301076,1909f56bfc062723c751e8b465ee728b)
Start importing Assets/TX Tileset Grass_47.asset using Guid(46ad5ea58b49f564e8e5233bdc5b43c9) Importer(815301076,1909f56bfc062723c751e8b465ee728b)  -> (artifact id: 'e0345a5bf09d552850083339379cffae') in 0.011582 seconds
Number of updated asset objects reloaded before import = 0
Number of asset objects unloaded after import = 3
========================================================================
Received Import Request.
  Time since last request: 0.000029 seconds.
  path: Assets/TX Tileset Grass_36.asset
  artifactKey: Guid(b2624588acaed114787f8cc5af61002c) Importer(815301076,1909f56bfc062723c751e8b465ee728b)
Start importing Assets/TX Tileset Grass_36.asset using Guid(b2624588acaed114787f8cc5af61002c) Importer(815301076,1909f56bfc062723c751e8b465ee728b)  -> (artifact id: '9e37c0e61dfcc25387131bc7947cd507') in 0.010416 seconds
Number of updated asset objects reloaded before import = 0
Number of asset objects unloaded after import = 3
========================================================================
Received Import Request.
  Time since last request: 0.000015 seconds.
  path: Assets/TX Tileset Grass_45.asset
  artifactKey: Guid(18ce8175d3c07b54a8cb3f8be8d0dad0) Importer(815301076,1909f56bfc062723c751e8b465ee728b)
Start importing Assets/TX Tileset Grass_45.asset using Guid(18ce8175d3c07b54a8cb3f8be8d0dad0) Importer(815301076,1909f56bfc062723c751e8b465ee728b)  -> (artifact id: 'bae641c9d986f08c5496c4366af83eec') in 0.010568 seconds
Number of updated asset objects reloaded before import = 0
Number of asset objects unloaded after import = 3
========================================================================
Received Import Request.
  Time since last request: 0.000021 seconds.
  path: Assets/TX Tileset Grass_52.asset
  artifactKey: Guid(ef12464ea740c1c4e8e4cce0870af3b9) Importer(815301076,1909f56bfc062723c751e8b465ee728b)
Start importing Assets/TX Tileset Grass_52.asset using Guid(ef12464ea740c1c4e8e4cce0870af3b9) Importer(815301076,1909f56bfc062723c751e8b465ee728b)  -> (artifact id: '00f34874da30b04bf401e012e3c4c812') in 0.010505 seconds
Number of updated asset objects reloaded before import = 0
Number of asset objects unloaded after import = 3
========================================================================
Received Import Request.
  Time since last request: 0.000027 seconds.
  path: Assets/TX Tileset Grass_61.asset
  artifactKey: Guid(0ef896c96bfc5d349b01faaca6d27b27) Importer(815301076,1909f56bfc062723c751e8b465ee728b)
Start importing Assets/TX Tileset Grass_61.asset using Guid(0ef896c96bfc5d349b01faaca6d27b27) Importer(815301076,1909f56bfc062723c751e8b465ee728b)  -> (artifact id: 'ab04598b779125dee043ba397c03c923') in 0.010806 seconds
Number of updated asset objects reloaded before import = 0
Number of asset objects unloaded after import = 3
========================================================================
Received Import Request.
  Time since last request: 0.000021 seconds.
  path: Assets/TX Tileset Grass_60.asset
  artifactKey: Guid(0ebb53ea31807f74a8bcd89abfd50077) Importer(815301076,1909f56bfc062723c751e8b465ee728b)
Start importing Assets/TX Tileset Grass_60.asset using Guid(0ebb53ea31807f74a8bcd89abfd50077) Importer(815301076,1909f56bfc062723c751e8b465ee728b)  -> (artifact id: '9434bbc520b1b0b95f4fb752b570b7a8') in 0.010556 seconds
Number of updated asset objects reloaded before import = 0
Number of asset objects unloaded after import = 3
========================================================================
Received Import Request.
  Time since last request: 0.000038 seconds.
  path: Assets/TX Tileset Grass_50.asset
  artifactKey: Guid(716dafd009b40fc4db50121a8897b883) Importer(815301076,1909f56bfc062723c751e8b465ee728b)
Start importing Assets/TX Tileset Grass_50.asset using Guid(716dafd009b40fc4db50121a8897b883) Importer(815301076,1909f56bfc062723c751e8b465ee728b)  -> (artifact id: '8b31aae71a8f5f6b3d9756c4ea80839c') in 0.010890 seconds
Number of updated asset objects reloaded before import = 0
Number of asset objects unloaded after import = 3
========================================================================
Received Import Request.
  Time since last request: 0.000033 seconds.
  path: Assets/TX Tileset Grass_51.asset
  artifactKey: Guid(bd85e68601a400841ac723398a22b4e9) Importer(815301076,1909f56bfc062723c751e8b465ee728b)
Start importing Assets/TX Tileset Grass_51.asset using Guid(bd85e68601a400841ac723398a22b4e9) Importer(815301076,1909f56bfc062723c751e8b465ee728b)  -> (artifact id: '2d2d786bcc1b05b7cdc135ce6f8127f2') in 0.009553 seconds
Number of updated asset objects reloaded before import = 0
Number of asset objects unloaded after import = 3
========================================================================
Received Import Request.
  Time since last request: 0.000016 seconds.
  path: Assets/TX Tileset Grass_35.asset
  artifactKey: Guid(3ffec7223fa8e2e47a343c9cab8e927a) Importer(815301076,1909f56bfc062723c751e8b465ee728b)
Start importing Assets/TX Tileset Grass_35.asset using Guid(3ffec7223fa8e2e47a343c9cab8e927a) Importer(815301076,1909f56bfc062723c751e8b465ee728b)  -> (artifact id: '4dc01a49fa8133ab374442b18c208d63') in 0.011042 seconds
Number of updated asset objects reloaded before import = 0
Number of asset objects unloaded after import = 3
========================================================================
Received Import Request.
  Time since last request: 0.000064 seconds.
  path: Assets/TX Tileset Grass_42.asset
  artifactKey: Guid(ab7dc1c9624a97247b9f718fed2c38d6) Importer(815301076,1909f56bfc062723c751e8b465ee728b)
Start importing Assets/TX Tileset Grass_42.asset using Guid(ab7dc1c9624a97247b9f718fed2c38d6) Importer(815301076,1909f56bfc062723c751e8b465ee728b)  -> (artifact id: 'd5ea1559a86ba88b2bf3c5cf60b4f743') in 0.013781 seconds
Number of updated asset objects reloaded before import = 0
Number of asset objects unloaded after import = 3
========================================================================
Received Import Request.
  Time since last request: 0.000020 seconds.
  path: Assets/TX Tileset Grass_43.asset
  artifactKey: Guid(2a854f514ac2a824a9f574726f6fd9f5) Importer(815301076,1909f56bfc062723c751e8b465ee728b)
Start importing Assets/TX Tileset Grass_43.asset using Guid(2a854f514ac2a824a9f574726f6fd9f5) Importer(815301076,1909f56bfc062723c751e8b465ee728b)  -> (artifact id: '7e283bd7fe3ad9578044e4e37e347c9b') in 0.011318 seconds
Number of updated asset objects reloaded before import = 0
Number of asset objects unloaded after import = 3
========================================================================
Received Import Request.
  Time since last request: 0.014136 seconds.
  path: Assets/TX Tileset Grass_62.asset
  artifactKey: Guid(f86f1225a6696b744b1dec720dbe87c2) Importer(815301076,1909f56bfc062723c751e8b465ee728b)
Start importing Assets/TX Tileset Grass_62.asset using Guid(f86f1225a6696b744b1dec720dbe87c2) Importer(815301076,1909f56bfc062723c751e8b465ee728b)  -> (artifact id: '3ce4fb239be35a06348be37d06b65e4e') in 0.010459 seconds
Number of updated asset objects reloaded before import = 0
Number of asset objects unloaded after import = 3
========================================================================
Received Import Request.
  Time since last request: 0.000030 seconds.
  path: Assets/TX Tileset Grass_63.asset
  artifactKey: Guid(eb336480436623d43a00dcf6bcc87a04) Importer(815301076,1909f56bfc062723c751e8b465ee728b)
Start importing Assets/TX Tileset Grass_63.asset using Guid(eb336480436623d43a00dcf6bcc87a04) Importer(815301076,1909f56bfc062723c751e8b465ee728b)  -> (artifact id: '30ae8cd98daef8014fdb34eab619c90d') in 0.010314 seconds
Number of updated asset objects reloaded before import = 0
Number of asset objects unloaded after import = 3
========================================================================
Received Import Request.
  Time since last request: 8.326777 seconds.
  path: Assets
  artifactKey: Guid(00000000000000001000000000000000) Importer(815301076,1909f56bfc062723c751e8b465ee728b)
Start importing Assets using Guid(00000000000000001000000000000000) Importer(815301076,1909f56bfc062723c751e8b465ee728b)  -> (artifact id: '8a4fe85251aa2e89732c359432baa2c3') in 0.000538 seconds
Number of updated asset objects reloaded before import = 0
Number of asset objects unloaded after import = 0
========================================================================
Received Import Request.
  Time since last request: 11.212850 seconds.
  path: Assets/Tileset
  artifactKey: Guid(3eb0607b294968e4ab1391f1a768e915) Importer(815301076,1909f56bfc062723c751e8b465ee728b)
Start importing Assets/Tileset using Guid(3eb0607b294968e4ab1391f1a768e915) Importer(815301076,1909f56bfc062723c751e8b465ee728b)  -> (artifact id: '84594b064a9ddc8cc969f9729c99acce') in 0.000485 seconds
Number of updated asset objects reloaded before import = 0
Number of asset objects unloaded after import = 0
========================================================================
Received Import Request.
  Time since last request: 857.491946 seconds.
  path: Assets/Background
  artifactKey: Guid(ca98e9095bec19a49a3041d4264af8bc) Importer(815301076,1909f56bfc062723c751e8b465ee728b)
Start importing Assets/Background using Guid(ca98e9095bec19a49a3041d4264af8bc) Importer(815301076,1909f56bfc062723c751e8b465ee728b)  -> (artifact id: '978402c7811f0a2c21338a7e7b2c6084') in 0.002936 seconds
Number of updated asset objects reloaded before import = 0
Number of asset objects unloaded after import = 0
========================================================================
Received Import Request.
  Time since last request: 17.512940 seconds.
  path: Assets/Background/New Folder
  artifactKey: Guid(2cbd07f2abec6d54797cb8f5e2b2fe31) Importer(815301076,1909f56bfc062723c751e8b465ee728b)
Start importing Assets/Background/New Folder using Guid(2cbd07f2abec6d54797cb8f5e2b2fe31) Importer(815301076,1909f56bfc062723c751e8b465ee728b)  -> (artifact id: '31c3307af6f65b793d7a2699b36d63c2') in 0.000462 seconds
Number of updated asset objects reloaded before import = 0
Number of asset objects unloaded after import = 0
========================================================================
Received Import Request.
  Time since last request: 25.030634 seconds.
  path: Assets/Pallete
  artifactKey: Guid(7afef3a74096a264b97170f95dab264c) Importer(815301076,1909f56bfc062723c751e8b465ee728b)
Start importing Assets/Pallete using Guid(7afef3a74096a264b97170f95dab264c) Importer(815301076,1909f56bfc062723c751e8b465ee728b)  -> (artifact id: '76f65d323237bae3a1e7cd1131968071') in 0.000432 seconds
Number of updated asset objects reloaded before import = 0
Number of asset objects unloaded after import = 0
========================================================================
Received Import Request.
  Time since last request: 8.621854 seconds.
  path: Assets/Sprites
  artifactKey: Guid(0c9adc5b26093a8419d4e1eb82a2ecc7) Importer(815301076,1909f56bfc062723c751e8b465ee728b)
Start importing Assets/Sprites using Guid(0c9adc5b26093a8419d4e1eb82a2ecc7) Importer(815301076,1909f56bfc062723c751e8b465ee728b)  -> (artifact id: '642e9a2431371bcec899fdd03cd2ec92') in 0.000425 seconds
Number of updated asset objects reloaded before import = 0
Number of asset objects unloaded after import = 0
========================================================================
Received Import Request.
  Time since last request: 806.092018 seconds.
  path: Assets/Scenes
  artifactKey: Guid(eedf4b7f78321fe449bb43e9d489599b) Importer(815301076,1909f56bfc062723c751e8b465ee728b)
Start importing Assets/Scenes using Guid(eedf4b7f78321fe449bb43e9d489599b) Importer(815301076,1909f56bfc062723c751e8b465ee728b)  -> (artifact id: '9324e38e551b96f5f6543885f9d4fc7f') in 0.001076 seconds
Number of updated asset objects reloaded before import = 0
Number of asset objects unloaded after import = 0
